c:\users\matt\source\repos\qtopengl\qtopengl\x64\debug\qtopengl.obj
c:\users\matt\source\repos\qtopengl\qtopengl\x64\debug\qtviewport.obj
c:\users\matt\source\repos\qtopengl\qtopengl\x64\debug\main.obj
c:\users\matt\source\repos\qtopengl\qtopengl\x64\debug\qrc_qtopengl.obj
c:\users\matt\source\repos\qtopengl\qtopengl\x64\debug\moc_qtopengl.obj
c:\users\matt\source\repos\qtopengl\qtopengl\x64\debug\vc141.pdb
c:\users\matt\source\repos\qtopengl\qtopengl\x64\debug\plane.obj
c:\users\matt\source\repos\qtopengl\qtopengl\x64\debug\point.obj
c:\users\matt\source\repos\qtopengl\qtopengl\x64\debug\classification.obj
c:\users\matt\source\repos\qtopengl\qtopengl\x64\debug\md_graph.obj
c:\users\matt\source\repos\qtopengl\x64\debug\qtopengl.exe
c:\users\matt\source\repos\qtopengl\x64\debug\qtopengl.ilk
c:\users\matt\source\repos\qtopengl\x64\debug\qtopengl.pdb
c:\users\matt\source\repos\qtopengl\qtopengl\.\generatedfiles\debug\moc_qtopengl.cpp
c:\users\matt\source\repos\qtopengl\qtopengl\generatedfiles\ui_qtopengl.h
c:\users\matt\source\repos\qtopengl\qtopengl\generatedfiles\qrc_qtopengl.cpp
c:\users\matt\source\repos\qtopengl\qtopengl\generatedfiles\debug\moc_qtopengl.cpp
c:\users\matt\source\repos\qtopengl\qtopengl\.\generatedfiles\qrc_qtopengl.cpp
c:\users\matt\source\repos\qtopengl\qtopengl\.\generatedfiles\ui_qtopengl.h
c:\users\matt\source\repos\qtopengl\qtopengl\x64\debug\qtopengl.tlog\cl.command.1.tlog
c:\users\matt\source\repos\qtopengl\qtopengl\x64\debug\qtopengl.tlog\cl.read.1.tlog
c:\users\matt\source\repos\qtopengl\qtopengl\x64\debug\qtopengl.tlog\cl.write.1.tlog
c:\users\matt\source\repos\qtopengl\qtopengl\x64\debug\qtopengl.tlog\link.18400-cvtres.read.1.tlog
c:\users\matt\source\repos\qtopengl\qtopengl\x64\debug\qtopengl.tlog\link.18400-cvtres.write.1.tlog
c:\users\matt\source\repos\qtopengl\qtopengl\x64\debug\qtopengl.tlog\link.18400-rc.read.1.tlog
c:\users\matt\source\repos\qtopengl\qtopengl\x64\debug\qtopengl.tlog\link.18400-rc.write.1.tlog
c:\users\matt\source\repos\qtopengl\qtopengl\x64\debug\qtopengl.tlog\link.18400.read.1.tlog
c:\users\matt\source\repos\qtopengl\qtopengl\x64\debug\qtopengl.tlog\link.18400.write.1.tlog
c:\users\matt\source\repos\qtopengl\qtopengl\x64\debug\qtopengl.tlog\link.command.1.tlog
c:\users\matt\source\repos\qtopengl\qtopengl\x64\debug\qtopengl.tlog\link.read.1.tlog
c:\users\matt\source\repos\qtopengl\qtopengl\x64\debug\qtopengl.tlog\link.write.1.tlog
c:\users\matt\source\repos\qtopengl\qtopengl\x64\debug\qtopengl.tlog\moc.read.1u.tlog
c:\users\matt\source\repos\qtopengl\qtopengl\x64\debug\qtopengl.tlog\moc.write.1u.tlog
c:\users\matt\source\repos\qtopengl\qtopengl\x64\debug\qtopengl.tlog\qtopengl.write.1u.tlog
c:\users\matt\source\repos\qtopengl\qtopengl\x64\debug\qtopengl.tlog\rcc.read.1u.tlog
c:\users\matt\source\repos\qtopengl\qtopengl\x64\debug\qtopengl.tlog\rcc.write.1u.tlog
c:\users\matt\source\repos\qtopengl\qtopengl\x64\debug\qtopengl.tlog\uic.read.1u.tlog
c:\users\matt\source\repos\qtopengl\qtopengl\x64\debug\qtopengl.tlog\uic.write.1u.tlog
